<?xml version="1.0" encoding="UTF-8"?>
<!-- Generated by org.testng.reporters.JUnitReportReporter -->
<testsuite hostname="DESKTOP-KQ2QODC" failures="0" tests="1" name="test.CreateTest" time="26.010" errors="0" timestamp="2023-07-25T17:20:13 IST" skipped="0">
  <testcase classname="test.CreateTest" name="testing" time="26.010"/>
</testsuite> <!-- test.CreateTest -->
